<?xml version="1.0" encoding="UTF-8"?>
<testsuite name="serenity.CucumberRunner.Runnner" time="0" tests="1" errors="1" skipped="0" failures="0">
  <properties>
[...]
</properties>
  <testcase name="initializationError" classname="serenity.CucumberRunner.Runnner" time="0">
    <error message="Not a file or directory: D:\ADFBDD\Artifacts\TAF_2.6.1\Features\BisConfig\myFeature1.feature" type="java.lang.IllegalArgumentException"><![CDATA[java.lang.IllegalArgumentException: Not a file or directory: D:\ADFBDD\Artifacts\TAF_2.6.1\Features\BisConfig\myFeature1.feature
	at cucumber.runtime.io.FileResourceIterator$FileIterator.<init>(FileResourceIterator.java:54)
	at cucumber.runtime.io.FileResourceIterator.<init>(FileResourceIterator.java:20)
	at cucumber.runtime.io.FileResourceIterable.iterator(FileResourceIterable.java:19)
	at cucumber.runtime.model.CucumberFeature.loadFromFeaturePath(CucumberFeature.java:103)
	at cucumber.runtime.model.CucumberFeature.load(CucumberFeature.java:54)
	at cucumber.runtime.model.CucumberFeature.load(CucumberFeature.java:34)
	at cucumber.runtime.RuntimeOptions.cucumberFeatures(RuntimeOptions.java:239)
	at cucumber.api.junit.Cucumber.<init>(Cucumber.java:62)
	at net.serenitybdd.cucumber.CucumberWithSerenity.<init>(CucumberWithSerenity.java:38)
	at sun.reflect.NativeConstructorAccessorImpl.newInstance0(Native Method)
	at sun.reflect.NativeConstructorAccessorImpl.newInstance(NativeConstructorAccessorImpl.java:62)
	at sun.reflect.DelegatingConstructorAccessorImpl.newInstance(DelegatingConstructorAccessorImpl.java:45)
	at java.lang.reflect.Constructor.newInstance(Constructor.java:423)
	at org.junit.internal.builders.AnnotatedBuilder.buildRunner(AnnotatedBuilder.java:104)
	at org.junit.internal.builders.AnnotatedBuilder.runnerForClass(AnnotatedBuilder.java:86)
	at org.junit.runners.model.RunnerBuilder.safeRunnerForClass(RunnerBuilder.java:59)
	at org.junit.internal.builders.AllDefaultPossibilitiesBuilder.runnerForClass(AllDefaultPossibilitiesBuilder.java:26)
	at org.junit.runners.model.RunnerBuilder.safeRunnerForClass(RunnerBuilder.java:59)
	at org.junit.internal.requests.ClassRequest.getRunner(ClassRequest.java:33)
	at org.apache.maven.surefire.junit4.JUnit4Provider.execute(JUnit4Provider.java:283)
	at org.apache.maven.surefire.junit4.JUnit4Provider.executeWithRerun(JUnit4Provider.java:173)
	at org.apache.maven.surefire.junit4.JUnit4Provider.executeTestSet(JUnit4Provider.java:153)
	at org.apache.maven.surefire.junit4.JUnit4Provider.invoke(JUnit4Provider.java:128)
	at org.apache.maven.surefire.booter.ForkedBooter.invokeProviderInSameClassLoader(ForkedBooter.java:203)
	at org.apache.maven.surefire.booter.ForkedBooter.runSuitesInProcess(ForkedBooter.java:155)
	at org.apache.maven.surefire.booter.ForkedBooter.main(ForkedBooter.java:103)
]]></error>
    <system-out><![CDATA[00:22:07.024 [main] DEBUG n.t.c.u.PropertiesFileLocalPreferences - webdriver.provided.type=mydriver
00:22:07.032 [main] DEBUG n.t.c.u.PropertiesFileLocalPreferences - ofss.serenity.serenity.test.root=net.serenitybdd.samples.junit.serenity.features
00:22:07.032 [main] DEBUG n.t.c.u.PropertiesFileLocalPreferences - serenity.logging=QUIET
00:22:07.032 [main] DEBUG n.t.c.u.PropertiesFileLocalPreferences - webdriver.driver=provided
00:22:07.032 [main] DEBUG n.t.c.u.PropertiesFileLocalPreferences - webdriver.chrome.driver=Artifacts//resourses//chromedriver.exe
00:22:07.033 [main] DEBUG n.t.c.u.PropertiesFileLocalPreferences - webdriver.timeouts.implicitlywait=10000
00:22:07.033 [main] DEBUG n.t.c.u.PropertiesFileLocalPreferences - webdriver.provided.mydriver=com.ofss.selenium.helpers.DriverManager
00:22:07.033 [main] DEBUG n.t.c.u.PropertiesFileLocalPreferences - webdriver.wait.for.timeout=10000
Setting runtime options in createRuntime()
{Application Type=Application, Execute=YES, Product Type=Lending, Product Offer=Westpac Home Loan, Amount=10.00, Value=3}
{Application Type=Application, Execute=YES, Product Type=Deposit, Product Offer=Westpac Personal Term Deposit Group, Amount=10.00, Value=7}
00:22:08.979 [main] DEBUG n.t.core.reports.ReportService - Reporting formats: [JSON, HTML]
00:22:08.979 [main] DEBUG n.t.core.reports.ReportService - Found reporter: net.thucydides.core.reports.xml.XMLTestOutcomeReporter@7fcff1b9(format = Optional.of(XML))
00:22:09.041 [main] DEBUG n.t.core.reports.ReportService - Found reporter: net.thucydides.core.reports.json.JSONTestOutcomeReporter@4a31c2ee(format = Optional.of(JSON))
00:22:09.041 [main] DEBUG n.t.core.reports.ReportService - Registering reporter: net.thucydides.core.reports.json.JSONTestOutcomeReporter@4a31c2ee
00:22:09.135 [main] DEBUG n.t.core.reports.ReportService - Found reporter: net.thucydides.core.reports.html.HtmlAcceptanceTestReporter@247667dd(format = Optional.of(HTML))
00:22:09.135 [main] DEBUG n.t.core.reports.ReportService - Registering reporter: net.thucydides.core.reports.html.HtmlAcceptanceTestReporter@247667dd
00:22:09.151 [main] DEBUG n.t.core.reports.ReportService - Reporting formats: [JSON, HTML]
00:22:09.151 [main] DEBUG n.t.core.reports.ReportService - Found reporter: net.thucydides.core.reports.xml.XMLTestOutcomeReporter@1d782abe(format = Optional.of(XML))
00:22:09.151 [main] DEBUG n.t.core.reports.ReportService - Found reporter: net.thucydides.core.reports.json.JSONTestOutcomeReporter@6df7988f(format = Optional.of(JSON))
00:22:09.151 [main] DEBUG n.t.core.reports.ReportService - Registering reporter: net.thucydides.core.reports.json.JSONTestOutcomeReporter@6df7988f
00:22:09.166 [main] DEBUG n.t.core.reports.ReportService - Found reporter: net.thucydides.core.reports.html.HtmlAcceptanceTestReporter@27b22f74(format = Optional.of(HTML))
00:22:09.166 [main] DEBUG n.t.core.reports.ReportService - Registering reporter: net.thucydides.core.reports.html.HtmlAcceptanceTestReporter@27b22f74
Setting runtime options in createRuntime()
]]></system-out>
    <system-err><![CDATA[SLF4J: Class path contains multiple SLF4J bindings.
SLF4J: Found binding in [jar:file:/C:/Users/namarnat/.m2/repository/ch/qos/logback/logback-classic/1.1.2/logback-classic-1.1.2.jar!/org/slf4j/impl/StaticLoggerBinder.class]
SLF4J: Found binding in [jar:file:/C:/Users/namarnat/.m2/repository/org/slf4j/slf4j-log4j12/1.7.5/slf4j-log4j12-1.7.5.jar!/org/slf4j/impl/StaticLoggerBinder.class]
SLF4J: See http://www.slf4j.org/codes.html#multiple_bindings for an explanation.
SLF4J: Actual binding is of type [ch.qos.logback.classic.util.ContextSelectorStaticBinder]
]]></system-err>
  </testcase>
</testsuite>