2018-05-05 19:05:36 INFO  GenericUtilities:66 - log4j properties filepath: D:\eclipse-workspace\SerenityCuCu\Artifacts\Settings\log4j.properties
2018-05-05 19:05:36 INFO  ExecutionSettings:275 - WARNING: ABORTEXECUTIONIFCHECKPOINTFAILS is turned OFF in TestSuiteExecutionSettings. Hence setting continueTestcaseRun to true. Turn this ON to save on the execution time
2018-05-05 19:05:36 INFO  ExecutionSettings:275 - WARNING: ABORTEXECUTIONIFCHECKPOINTFAILS is turned OFF in TestSuiteExecutionSettings. Hence setting continueTestcaseRun to true. Turn this ON to save on the execution time
2018-05-05 19:05:38 INFO  ExcelUtilities:149 - Total Number Of sheets in WorkBook 3
2018-05-05 19:05:38 INFO  ExcelUtilities:40 - {TestCaseDetails={0=EXECUTE, 1=UNIQUETESTCASEID}, ApplicationForm={0=APPLICATIONTYPE, 1=FIRSTPRODUCTTYPE_IFNOTREQUIREDGIVENA, 2=FITSTPRODUCTOFFERTYPE, 3=SECONDPRODUCTTYPE_IFNOTREQUIREDGIVENA, 4=SECONDPRODUCTOFFERTYPE}, FirstProduct_PartyDetails={0=FIRSTPRODUCT_FIRSTAPPLICANT_PARTYTYPE, 1=FIRSTPRODUCT_FIRSTAPPLICANT_PARTYID, 2=FIRSTPRODUCT_FIRSTAPPLICANT_FIRSTNAME, 3=FIRSTPRODUCT_FIRSTAPPLICANT_LASTNAME, 4=FIRSTPRODUCT_SECONDAPPLICANT_PARTYTYPE, 5=FIRSTPRODUCT_SECONDAPPLICANT_PARTYID, 6=FIRSTPRODUCT_SECONDAPPLICANT_FIRSTNAME, 7=FIRSTPRODUCT_SECONDAPPLICANT_LASTNAME}}
2018-05-05 19:05:38 INFO  ExcelUtilities:87 - YES
2018-05-05 19:05:38 INFO  ExcelUtilities:87 - TC01
2018-05-05 19:05:38 INFO  ExcelUtilities:87 - Application
2018-05-05 19:05:38 INFO  ExcelUtilities:87 - Lending
2018-05-05 19:05:38 INFO  ExcelUtilities:87 - Westpac Home Loan
2018-05-05 19:05:38 INFO  ExcelUtilities:87 - NA
2018-05-05 19:05:38 INFO  ExcelUtilities:87 - NA
2018-05-05 19:05:38 INFO  ExcelUtilities:87 - Individual
2018-05-05 19:05:38 INFO  ExcelUtilities:87 - NA
2018-05-05 19:05:38 INFO  ExcelUtilities:87 - JOHN
2018-05-05 19:05:38 INFO  ExcelUtilities:87 - WICK
2018-05-05 19:05:38 INFO  ExcelUtilities:87 - Individual
2018-05-05 19:05:38 INFO  ExcelUtilities:87 - 
2018-05-05 19:05:38 INFO  ExcelUtilities:87 - SALMAN
2018-05-05 19:05:38 INFO  ExcelUtilities:87 - KHAN
2018-05-05 19:05:38 INFO  ExcelUtilities:87 - YES
2018-05-05 19:05:38 INFO  ExcelUtilities:87 - TC02
2018-05-05 19:05:38 INFO  ExcelUtilities:87 - Application
2018-05-05 19:05:38 INFO  ExcelUtilities:87 - Lending
2018-05-05 19:05:38 INFO  ExcelUtilities:87 - Westpac Home Loan
2018-05-05 19:05:38 INFO  ExcelUtilities:87 - Deposit
2018-05-05 19:05:38 INFO  ExcelUtilities:87 - Westpac Transaction
2018-05-05 19:05:38 INFO  ExcelUtilities:87 - Individual
2018-05-05 19:05:38 INFO  ExcelUtilities:87 - NA
2018-05-05 19:05:38 INFO  ExcelUtilities:87 - JOHN
2018-05-05 19:05:38 INFO  ExcelUtilities:87 - WICK
2018-05-05 19:05:38 INFO  ExcelUtilities:87 - Individual
2018-05-05 19:05:38 INFO  ExcelUtilities:87 - 
2018-05-05 19:05:38 INFO  ExcelUtilities:87 - SALMAN
2018-05-05 19:05:38 INFO  ExcelUtilities:87 - KHAN
2018-05-05 19:05:38 INFO  GenericSteps:30 - The test Data Used is : {EXECUTE=YES, UNIQUETESTCASEID=TC01, APPLICATIONTYPE=Application, FIRSTPRODUCTTYPE_IFNOTREQUIREDGIVENA=Lending, FITSTPRODUCTOFFERTYPE=Westpac Home Loan, SECONDPRODUCTTYPE_IFNOTREQUIREDGIVENA=NA, SECONDPRODUCTOFFERTYPE=NA, FIRSTPRODUCT_FIRSTAPPLICANT_PARTYTYPE=Individual, FIRSTPRODUCT_FIRSTAPPLICANT_PARTYID=NA, FIRSTPRODUCT_FIRSTAPPLICANT_FIRSTNAME=JOHN, FIRSTPRODUCT_FIRSTAPPLICANT_LASTNAME=WICK, FIRSTPRODUCT_SECONDAPPLICANT_PARTYTYPE=Individual, FIRSTPRODUCT_SECONDAPPLICANT_PARTYID=, FIRSTPRODUCT_SECONDAPPLICANT_FIRSTNAME=SALMAN, FIRSTPRODUCT_SECONDAPPLICANT_LASTNAME=KHAN}
2018-05-05 19:05:51 INFO  WebUIElement:27 - Data : testuser3 has been sent to Element
2018-05-05 19:05:51 INFO  WebUIElement:29 - Data : testuser3 has been sent to Element
2018-05-05 19:05:51 INFO  ElementLocator:35 - xpath  :  //input[@placeholder='Username']
2018-05-05 19:05:51 INFO  ElementLocator:57 - xpath : //input[@placeholder='Username']   : [[ChromeDriver: chrome on XP (4b1c8e87f0e50a1d6d5fdbffa1719962)] -> xpath: //input[@placeholder='Username']]
2018-05-05 19:05:51 INFO  WebUIElement:31 - [[ChromeDriver: chrome on XP (4b1c8e87f0e50a1d6d5fdbffa1719962)] -> xpath: //input[@placeholder='Username']]
2018-05-05 19:05:51 INFO  WebUIElement:34 - Data : testuser3 has been sent to Element
2018-05-05 19:05:51 INFO  WebUIElement:27 - Data : welcome1 has been sent to Element
2018-05-05 19:05:51 INFO  WebUIElement:29 - Data : welcome1 has been sent to Element
2018-05-05 19:05:51 INFO  ElementLocator:35 - xpath  :  //input[@placeholder='Password']
2018-05-05 19:05:51 INFO  ElementLocator:57 - xpath : //input[@placeholder='Password']   : [[ChromeDriver: chrome on XP (4b1c8e87f0e50a1d6d5fdbffa1719962)] -> xpath: //input[@placeholder='Password']]
2018-05-05 19:05:51 INFO  WebUIElement:31 - [[ChromeDriver: chrome on XP (4b1c8e87f0e50a1d6d5fdbffa1719962)] -> xpath: //input[@placeholder='Password']]
2018-05-05 19:05:51 INFO  WebUIElement:34 - Data : welcome1 has been sent to Element
2018-05-05 19:05:51 INFO  ElementLocator:35 - xpath  :  //input[@value='Sign In' or @value='Submit'] | (//button[@id='loginButton'] | //input[@value='Login'])
2018-05-05 19:05:51 INFO  ElementLocator:57 - xpath : //input[@value='Sign In' or @value='Submit'] | (//button[@id='loginButton'] | //input[@value='Login'])   : [[ChromeDriver: chrome on XP (4b1c8e87f0e50a1d6d5fdbffa1719962)] -> xpath: //input[@value='Sign In' or @value='Submit'] | (//button[@id='loginButton'] | //input[@value='Login'])]
2018-05-05 19:05:55 INFO  ElementLocator:35 - xpath  :  //input[@placeholder='Fast Path']
2018-05-05 19:05:55 INFO  ElementLocator:57 - xpath : //input[@placeholder='Fast Path']   : [[ChromeDriver: chrome on XP (4b1c8e87f0e50a1d6d5fdbffa1719962)] -> xpath: //input[@placeholder='Fast Path']]
2018-05-05 19:05:55 INFO  WebUIElement:27 - Data : OR097 has been sent to Element
2018-05-05 19:05:55 INFO  WebUIElement:29 - Data : OR097 has been sent to Element
2018-05-05 19:05:55 INFO  ElementLocator:35 - xpath  :  //input[@placeholder='Fast Path']
2018-05-05 19:05:55 INFO  ElementLocator:57 - xpath : //input[@placeholder='Fast Path']   : [[ChromeDriver: chrome on XP (4b1c8e87f0e50a1d6d5fdbffa1719962)] -> xpath: //input[@placeholder='Fast Path']]
2018-05-05 19:05:55 INFO  WebUIElement:31 - [[ChromeDriver: chrome on XP (4b1c8e87f0e50a1d6d5fdbffa1719962)] -> xpath: //input[@placeholder='Fast Path']]
2018-05-05 19:05:56 INFO  WebUIElement:34 - Data : OR097 has been sent to Element
2018-05-05 19:05:56 INFO  ElementLocator:35 - xpath  :  //a[@title='Open page']
2018-05-05 19:05:56 INFO  ElementLocator:57 - xpath : //a[@title='Open page']   : [[ChromeDriver: chrome on XP (4b1c8e87f0e50a1d6d5fdbffa1719962)] -> xpath: //a[@title='Open page']]
2018-05-05 19:05:58 ERROR WebUIElement:108 - Unknown Exception in Switching Window : No enum constant com.ofss.Utilities.frameworkUtilities.FrameWorkConstants.FluentWaitFunctions.waitTillNewWindowOpens
2018-05-05 19:05:59 INFO  WebUIElement:27 - Data : testuser3 has been sent to Element
2018-05-05 19:05:59 INFO  WebUIElement:29 - Data : testuser3 has been sent to Element
2018-05-05 19:05:59 INFO  ElementLocator:35 - xpath  :  //input[@placeholder='Username']
2018-05-05 19:06:04 INFO  ElementLocator:57 - xpath : //input[@placeholder='Username']   : null
2018-05-05 19:06:04 ERROR WebUIElement:36 - Exception in Entering Keys : java.lang.NullPointerException
2018-05-05 19:06:04 INFO  WebUIElement:27 - Data : welcome1 has been sent to Element
2018-05-05 19:06:04 INFO  WebUIElement:29 - Data : welcome1 has been sent to Element
2018-05-05 19:06:04 INFO  ElementLocator:35 - xpath  :  //input[@placeholder='Password']
2018-05-05 19:06:09 INFO  ElementLocator:57 - xpath : //input[@placeholder='Password']   : null
2018-05-05 19:06:09 ERROR WebUIElement:36 - Exception in Entering Keys : java.lang.NullPointerException
2018-05-05 19:06:09 INFO  ElementLocator:35 - xpath  :  //input[@value='Sign In' or @value='Submit'] | (//button[@id='loginButton'] | //input[@value='Login'])
2018-05-05 19:06:14 INFO  ElementLocator:57 - xpath : //input[@value='Sign In' or @value='Submit'] | (//button[@id='loginButton'] | //input[@value='Login'])   : null
2018-05-05 19:06:14 ERROR WebUIElement:50 - Element with field Definition : Login_Button Not Found to Click
2018-05-05 19:06:16 INFO  ElementLocator:35 - xpath  :  //a[text()='Application']
2018-05-05 19:06:21 INFO  ElementLocator:57 - xpath : //a[text()='Application']   : null
2018-05-05 19:06:21 ERROR WebUIElement:50 - Element with field Definition : RTD_Link_WithText|Application Not Found to Click
2018-05-05 19:06:21 INFO  ElementLocator:35 - xpath  :  //a[text()='Lending']
2018-05-05 19:06:26 INFO  ElementLocator:57 - xpath : //a[text()='Lending']   : null
2018-05-05 19:06:26 ERROR WebUIElement:50 - Element with field Definition : RTD_Link_WithText|Lending Not Found to Click
2018-05-05 19:06:27 INFO  ElementLocator:35 - xpath  :  //span[.='Westpac Home Loan']/ancestor::td/following-sibling::td//a[@title='Add Product Group']
2018-05-05 19:06:32 INFO  ElementLocator:57 - xpath : //span[.='Westpac Home Loan']/ancestor::td/following-sibling::td//a[@title='Add Product Group']   : null
2018-05-05 19:06:32 ERROR WebUIElement:50 - Element with field Definition : RTD_ProductOffer_Link|Westpac Home Loan Not Found to Click
2018-05-05 19:06:32 INFO  ElementLocator:35 - xpath  :  //td[.='Start Application']
2018-05-05 19:06:38 INFO  ElementLocator:57 - xpath : //td[.='Start Application']   : null
2018-05-05 19:06:38 ERROR WebUIElement:50 - Element with field Definition : StartApplication_Button Not Found to Click
2018-05-05 19:06:39 ERROR TestData:132 - Invalid Input Test Data Parameter referred 
2018-05-05 19:06:39 INFO  ElementLocator:35 - xpath  :  //a[text()='Advanced Search']
2018-05-05 19:06:39 INFO  ElementLocator:57 - xpath : //a[text()='Advanced Search']   : [[ChromeDriver: chrome on XP (4b1c8e87f0e50a1d6d5fdbffa1719962)] -> xpath: //a[text()='Advanced Search']]
2018-05-05 19:06:39 ERROR WebUIElement:148 - Unknown Exception In Waiting for Element to be visible : java.lang.IllegalArgumentException: No enum constant com.ofss.Utilities.frameworkUtilities.FrameWorkConstants.FluentWaitFunctions.elementToBeVisible
2018-05-05 19:06:39 INFO  ElementLocator:35 - xpath  :  //label[text()='Party Type']/preceding-sibling::span[1]/input[@type='radio']
2018-05-05 19:06:40 INFO  ElementLocator:57 - xpath : //label[text()='Party Type']/preceding-sibling::span[1]/input[@type='radio']   : [[ChromeDriver: chrome on XP (4b1c8e87f0e50a1d6d5fdbffa1719962)] -> xpath: //label[text()='Party Type']/preceding-sibling::span[1]/input[@type='radio']]
2018-05-05 19:06:40 INFO  ExecutionSettings:275 - WARNING: ABORTEXECUTIONIFCHECKPOINTFAILS is turned OFF in TestSuiteExecutionSettings. Hence setting continueTestcaseRun to true. Turn this ON to save on the execution time
2018-05-05 19:06:40 INFO  ElementLocator:35 - xpath  :  //label[text()='Party Type']/preceding-sibling::span[1]/input[@type='radio']
2018-05-05 19:06:40 INFO  ElementLocator:57 - xpath : //label[text()='Party Type']/preceding-sibling::span[1]/input[@type='radio']   : [[ChromeDriver: chrome on XP (4b1c8e87f0e50a1d6d5fdbffa1719962)] -> xpath: //label[text()='Party Type']/preceding-sibling::span[1]/input[@type='radio']]
2018-05-05 19:06:40 ERROR WebUIElement:148 - Unknown Exception In Waiting for Element to be visible : java.lang.IllegalArgumentException: No enum constant com.ofss.Utilities.frameworkUtilities.FrameWorkConstants.FluentWaitFunctions.elementToBeVisible
2018-05-05 19:06:40 INFO  ElementLocator:35 - xpath  :  //label[text()='Party Type']/ ../following-sibling::td//select
2018-05-05 19:06:40 INFO  ElementLocator:57 - xpath : //label[text()='Party Type']/ ../following-sibling::td//select   : [[ChromeDriver: chrome on XP (4b1c8e87f0e50a1d6d5fdbffa1719962)] -> xpath: //label[text()='Party Type']/ ../following-sibling::td//select]
2018-05-05 19:06:40 INFO  WebUIElement:163 - selectFromDropdownByLabel operation is completed : Found Label - Individual
2018-05-05 19:06:42 ERROR WebUIElement:148 - Unknown Exception In Waiting for Element to be visible : java.lang.IllegalArgumentException: No enum constant com.ofss.Utilities.frameworkUtilities.FrameWorkConstants.FluentWaitFunctions.elementToBeVisible
2018-05-05 19:06:42 INFO  ElementLocator:35 - xpath  :  //label[.='Party ID']/preceding-sibling::input
2018-05-05 19:06:42 INFO  ElementLocator:57 - xpath : //label[.='Party ID']/preceding-sibling::input   : [[ChromeDriver: chrome on XP (4b1c8e87f0e50a1d6d5fdbffa1719962)] -> xpath: //label[.='Party ID']/preceding-sibling::input]
2018-05-05 19:06:42 INFO  ExecutionSettings:275 - WARNING: ABORTEXECUTIONIFCHECKPOINTFAILS is turned OFF in TestSuiteExecutionSettings. Hence setting continueTestcaseRun to true. Turn this ON to save on the execution time
2018-05-05 19:06:42 INFO  ElementLocator:35 - xpath  :  //label[.='Party Id']/preceding-sibling::input
2018-05-05 19:06:47 INFO  ElementLocator:57 - xpath : //label[.='Party Id']/preceding-sibling::input   : null
2018-05-05 19:06:47 ERROR WebUIElement:68 - Element with field Definition : RTD_Input_WIthLabel|Party Id Not Found 
2018-05-05 19:06:47 INFO  ExecutionSettings:275 - WARNING: ABORTEXECUTIONIFCHECKPOINTFAILS is turned OFF in TestSuiteExecutionSettings. Hence setting continueTestcaseRun to true. Turn this ON to save on the execution time
